2017-06-28 at 10:03:43 CST [http-nio-5052-exec-3] ERROR com.delta.workshop.controller.material.PainpointTemplateController   - 
### Error updating database.  Cause: com.mysql.jdbc.exceptions.jdbc4.MySQLSyntaxErrorException: Table 'workshop_dev.painpoint_template' doesn't exist
### The error may involve com.delta.workshop.mapper.PainpointTemplateMapper.add-Inline
### The error occurred while setting parameters
### SQL: INSERT INTO painpoint_template   (name,content,customer,target_id,industry_id) VALUES   (?,?,?,?,?)
### Cause: com.mysql.jdbc.exceptions.jdbc4.MySQLSyntaxErrorException: Table 'workshop_dev.painpoint_template' doesn't exist
; bad SQL grammar []; nested exception is com.mysql.jdbc.exceptions.jdbc4.MySQLSyntaxErrorException: Table 'workshop_dev.painpoint_template' doesn't exist
2017-06-28 at 10:05:42 CST [http-nio-5052-exec-5] ERROR com.delta.workshop.controller.material.PainpointTemplateController   - 
### Error updating database.  Cause: com.mysql.jdbc.exceptions.jdbc4.MySQLIntegrityConstraintViolationException: Cannot add or update a child row: a foreign key constraint fails (`workshop_dev`.`painpoint_template`, CONSTRAINT `painpoint_template_ibfk_1` FOREIGN KEY (`industry_id`) REFERENCES `painpoint_industry` (`id`) ON DELETE NO ACTION ON UPDATE NO ACTION)
### The error may involve com.delta.workshop.mapper.PainpointTemplateMapper.add-Inline
### The error occurred while setting parameters
### SQL: INSERT INTO painpoint_template   (name,content,customer,target_id,industry_id) VALUES   (?,?,?,?,?)
### Cause: com.mysql.jdbc.exceptions.jdbc4.MySQLIntegrityConstraintViolationException: Cannot add or update a child row: a foreign key constraint fails (`workshop_dev`.`painpoint_template`, CONSTRAINT `painpoint_template_ibfk_1` FOREIGN KEY (`industry_id`) REFERENCES `painpoint_industry` (`id`) ON DELETE NO ACTION ON UPDATE NO ACTION)
; SQL []; Cannot add or update a child row: a foreign key constraint fails (`workshop_dev`.`painpoint_template`, CONSTRAINT `painpoint_template_ibfk_1` FOREIGN KEY (`industry_id`) REFERENCES `painpoint_industry` (`id`) ON DELETE NO ACTION ON UPDATE NO ACTION); nested exception is com.mysql.jdbc.exceptions.jdbc4.MySQLIntegrityConstraintViolationException: Cannot add or update a child row: a foreign key constraint fails (`workshop_dev`.`painpoint_template`, CONSTRAINT `painpoint_template_ibfk_1` FOREIGN KEY (`industry_id`) REFERENCES `painpoint_industry` (`id`) ON DELETE NO ACTION ON UPDATE NO ACTION)
2017-06-28 at 10:05:48 CST [http-nio-5052-exec-6] ERROR com.delta.workshop.controller.material.PainpointTemplateController   - 
### Error updating database.  Cause: com.mysql.jdbc.exceptions.jdbc4.MySQLIntegrityConstraintViolationException: Cannot add or update a child row: a foreign key constraint fails (`workshop_dev`.`painpoint_template`, CONSTRAINT `painpoint_template_ibfk_1` FOREIGN KEY (`industry_id`) REFERENCES `painpoint_industry` (`id`) ON DELETE NO ACTION ON UPDATE NO ACTION)
### The error may involve com.delta.workshop.mapper.PainpointTemplateMapper.add-Inline
### The error occurred while setting parameters
### SQL: INSERT INTO painpoint_template   (name,content,customer,target_id,industry_id) VALUES   (?,?,?,?,?)
### Cause: com.mysql.jdbc.exceptions.jdbc4.MySQLIntegrityConstraintViolationException: Cannot add or update a child row: a foreign key constraint fails (`workshop_dev`.`painpoint_template`, CONSTRAINT `painpoint_template_ibfk_1` FOREIGN KEY (`industry_id`) REFERENCES `painpoint_industry` (`id`) ON DELETE NO ACTION ON UPDATE NO ACTION)
; SQL []; Cannot add or update a child row: a foreign key constraint fails (`workshop_dev`.`painpoint_template`, CONSTRAINT `painpoint_template_ibfk_1` FOREIGN KEY (`industry_id`) REFERENCES `painpoint_industry` (`id`) ON DELETE NO ACTION ON UPDATE NO ACTION); nested exception is com.mysql.jdbc.exceptions.jdbc4.MySQLIntegrityConstraintViolationException: Cannot add or update a child row: a foreign key constraint fails (`workshop_dev`.`painpoint_template`, CONSTRAINT `painpoint_template_ibfk_1` FOREIGN KEY (`industry_id`) REFERENCES `painpoint_industry` (`id`) ON DELETE NO ACTION ON UPDATE NO ACTION)
2017-06-28 at 10:06:03 CST [http-nio-5052-exec-7] ERROR com.delta.workshop.controller.material.PainpointTemplateController   - 
### Error updating database.  Cause: com.mysql.jdbc.exceptions.jdbc4.MySQLIntegrityConstraintViolationException: Cannot add or update a child row: a foreign key constraint fails (`workshop_dev`.`painpoint_template`, CONSTRAINT `painpoint_template_ibfk_1` FOREIGN KEY (`industry_id`) REFERENCES `painpoint_industry` (`id`) ON DELETE NO ACTION ON UPDATE NO ACTION)
### The error may involve com.delta.workshop.mapper.PainpointTemplateMapper.add-Inline
### The error occurred while setting parameters
### SQL: INSERT INTO painpoint_template   (name,content,customer,target_id,industry_id) VALUES   (?,?,?,?,?)
### Cause: com.mysql.jdbc.exceptions.jdbc4.MySQLIntegrityConstraintViolationException: Cannot add or update a child row: a foreign key constraint fails (`workshop_dev`.`painpoint_template`, CONSTRAINT `painpoint_template_ibfk_1` FOREIGN KEY (`industry_id`) REFERENCES `painpoint_industry` (`id`) ON DELETE NO ACTION ON UPDATE NO ACTION)
; SQL []; Cannot add or update a child row: a foreign key constraint fails (`workshop_dev`.`painpoint_template`, CONSTRAINT `painpoint_template_ibfk_1` FOREIGN KEY (`industry_id`) REFERENCES `painpoint_industry` (`id`) ON DELETE NO ACTION ON UPDATE NO ACTION); nested exception is com.mysql.jdbc.exceptions.jdbc4.MySQLIntegrityConstraintViolationException: Cannot add or update a child row: a foreign key constraint fails (`workshop_dev`.`painpoint_template`, CONSTRAINT `painpoint_template_ibfk_1` FOREIGN KEY (`industry_id`) REFERENCES `painpoint_industry` (`id`) ON DELETE NO ACTION ON UPDATE NO ACTION)
2017-06-28 at 10:39:46 CST [http-nio-5052-exec-8] ERROR com.delta.workshop.controller.material.PainpointTemplateController   - 
### Error updating database.  Cause: com.mysql.jdbc.exceptions.jdbc4.MySQLIntegrityConstraintViolationException: Cannot add or update a child row: a foreign key constraint fails (`workshop_dev`.`painpoint_template`, CONSTRAINT `painpoint_template_ibfk_1` FOREIGN KEY (`industry_id`) REFERENCES `painpoint_industry` (`id`) ON DELETE NO ACTION ON UPDATE NO ACTION)
### The error may involve com.delta.workshop.mapper.PainpointTemplateMapper.edit-Inline
### The error occurred while setting parameters
### SQL: UPDATE painpoint_template SET   name =   ?,content=?,customer=?,target_id=?,industry_id   = ?,edit_time = ? WHERE id   = ?
### Cause: com.mysql.jdbc.exceptions.jdbc4.MySQLIntegrityConstraintViolationException: Cannot add or update a child row: a foreign key constraint fails (`workshop_dev`.`painpoint_template`, CONSTRAINT `painpoint_template_ibfk_1` FOREIGN KEY (`industry_id`) REFERENCES `painpoint_industry` (`id`) ON DELETE NO ACTION ON UPDATE NO ACTION)
; SQL []; Cannot add or update a child row: a foreign key constraint fails (`workshop_dev`.`painpoint_template`, CONSTRAINT `painpoint_template_ibfk_1` FOREIGN KEY (`industry_id`) REFERENCES `painpoint_industry` (`id`) ON DELETE NO ACTION ON UPDATE NO ACTION); nested exception is com.mysql.jdbc.exceptions.jdbc4.MySQLIntegrityConstraintViolationException: Cannot add or update a child row: a foreign key constraint fails (`workshop_dev`.`painpoint_template`, CONSTRAINT `painpoint_template_ibfk_1` FOREIGN KEY (`industry_id`) REFERENCES `painpoint_industry` (`id`) ON DELETE NO ACTION ON UPDATE NO ACTION)
2017-06-28 at 13:07:28 CST [http-nio-5052-exec-10] ERROR com.delta.workshop.controller.material.PainpointTemplateController   - 
### Error updating database.  Cause: com.mysql.jdbc.exceptions.jdbc4.MySQLIntegrityConstraintViolationException: Cannot add or update a child row: a foreign key constraint fails (`workshop_dev`.`painpoint_template`, CONSTRAINT `painpoint_template_ibfk_1` FOREIGN KEY (`industry_id`) REFERENCES `painpoint_industry` (`id`) ON DELETE NO ACTION ON UPDATE NO ACTION)
### The error may involve com.delta.workshop.mapper.PainpointTemplateMapper.edit-Inline
### The error occurred while setting parameters
### SQL: UPDATE painpoint_template SET   name =   ?,content=?,customer=?,target_id=?,industry_id   = ?,edit_time = ? WHERE id   = ?
### Cause: com.mysql.jdbc.exceptions.jdbc4.MySQLIntegrityConstraintViolationException: Cannot add or update a child row: a foreign key constraint fails (`workshop_dev`.`painpoint_template`, CONSTRAINT `painpoint_template_ibfk_1` FOREIGN KEY (`industry_id`) REFERENCES `painpoint_industry` (`id`) ON DELETE NO ACTION ON UPDATE NO ACTION)
; SQL []; Cannot add or update a child row: a foreign key constraint fails (`workshop_dev`.`painpoint_template`, CONSTRAINT `painpoint_template_ibfk_1` FOREIGN KEY (`industry_id`) REFERENCES `painpoint_industry` (`id`) ON DELETE NO ACTION ON UPDATE NO ACTION); nested exception is com.mysql.jdbc.exceptions.jdbc4.MySQLIntegrityConstraintViolationException: Cannot add or update a child row: a foreign key constraint fails (`workshop_dev`.`painpoint_template`, CONSTRAINT `painpoint_template_ibfk_1` FOREIGN KEY (`industry_id`) REFERENCES `painpoint_industry` (`id`) ON DELETE NO ACTION ON UPDATE NO ACTION)
